# JRE version: OpenJDK Runtime Environment (Zulu 8.52.0.23-CA-linux64) (8.0_282-b08) (build 1.8.0_282-b08)
# Java VM: OpenJDK 64-Bit Server VM (25.282-b08 mixed mode linux-amd64 compressed oops)
Heap:
 PSYoungGen      total 5166592K, used 124087K [0x0000000671400000, 0x00000007c0000000, 0x00000007c0000000)
  eden space 4869120K, 0% used [0x0000000671400000,0x0000000671400000,0x000000079a700000)
  from space 297472K, 41% used [0x000000079a700000,0x00000007a202dd88,0x00000007ac980000)
  to   space 297984K, 0% used [0x00000007add00000,0x00000007add00000,0x00000007c0000000)
 ParOldGen       total 8651776K, used 8651617K [0x00000003d3c00000, 0x00000005e3d00000, 0x0000000671400000)
  object space 8651776K, 99% used [0x00000003d3c00000,0x00000005e3cd8468,0x00000005e3d00000)
 Metaspace       used 39154K, capacity 39568K, committed 39592K, reserved 1083392K
  class space    used 5400K, capacity 5527K, committed 5544K, reserved 1048576K
GC Heap History (10 events):
Event: 301.459 GC heap after
Heap after GC invocations=63 (full 8):
 PSYoungGen      total 5137920K, used 196319K [0x0000000671400000, 0x00000007bf100000, 0x00000007c0000000)
  eden space 4811776K, 0% used [0x0000000671400000,0x0000000671400000,0x0000000796f00000)
  from space 326144K, 60% used [0x0000000796f00000,0x00000007a2eb7c50,0x00000007aad80000)
  to   space 319488K, 0% used [0x00000007ab900000,0x00000007ab900000,0x00000007bf100000)
 ParOldGen       total 8651776K, used 7747114K [0x00000003d3c00000, 0x00000005e3d00000, 0x0000000671400000)
  object space 8651776K, 89% used [0x00000003d3c00000,0x00000005ac98abf8,0x00000005e3d00000)
 Metaspace       used 39154K, capacity 39568K, committed 39592K, reserved 1083392K
  class space    used 5400K, capacity 5527K, committed 5544K, reserved 1048576K
}
Event: 305.710 GC heap before
{Heap before GC invocations=64 (full 8):
 PSYoungGen      total 5137920K, used 5008095K [0x0000000671400000, 0x00000007bf100000, 0x00000007c0000000)
  eden space 4811776K, 100% used [0x0000000671400000,0x0000000796f00000,0x0000000796f00000)
  from space 326144K, 60% used [0x0000000796f00000,0x00000007a2eb7c50,0x00000007aad80000)
  to   space 319488K, 0% used [0x00000007ab900000,0x00000007ab900000,0x00000007bf100000)
 ParOldGen       total 8651776K, used 7747114K [0x00000003d3c00000, 0x00000005e3d00000, 0x0000000671400000)
  object space 8651776K, 89% used [0x00000003d3c00000,0x00000005ac98abf8,0x00000005e3d00000)
 Metaspace       used 39154K, capacity 39568K, committed 39592K, reserved 1083392K
  class space    used 5400K, capacity 5527K, committed 5544K, reserved 1048576K
Event: 306.951 GC heap after
Heap after GC invocations=64 (full 8):
 PSYoungGen      total 5149696K, used 206779K [0x0000000671400000, 0x00000007be880000, 0x00000007c0000000)
  eden space 4838912K, 0% used [0x0000000671400000,0x0000000671400000,0x0000000798980000)
  from space 310784K, 66% used [0x00000007ab900000,0x00000007b82eeea0,0x00000007be880000)
  to   space 310784K, 0% used [0x0000000798980000,0x0000000798980000,0x00000007ab900000)
 ParOldGen       total 8651776K, used 7943050K [0x00000003d3c00000, 0x00000005e3d00000, 0x0000000671400000)
  object space 8651776K, 91% used [0x00000003d3c00000,0x00000005b88e2bf8,0x00000005e3d00000)
 Metaspace       used 39154K, capacity 39568K, committed 39592K, reserved 1083392K
  class space    used 5400K, capacity 5527K, committed 5544K, reserved 1048576K
}
Event: 310.281 GC heap before
{Heap before GC invocations=65 (full 8):
 PSYoungGen      total 5149696K, used 5045691K [0x0000000671400000, 0x00000007be880000, 0x00000007c0000000)
  eden space 4838912K, 100% used [0x0000000671400000,0x0000000798980000,0x0000000798980000)
  from space 310784K, 66% used [0x00000007ab900000,0x00000007b82eeea0,0x00000007be880000)
  to   space 310784K, 0% used [0x0000000798980000,0x0000000798980000,0x00000007ab900000)
 ParOldGen       total 8651776K, used 7943050K [0x00000003d3c00000, 0x00000005e3d00000, 0x0000000671400000)
  object space 8651776K, 91% used [0x00000003d3c00000,0x00000005b88e2bf8,0x00000005e3d00000)
 Metaspace       used 39154K, capacity 39568K, committed 39592K, reserved 1083392K
  class space    used 5400K, capacity 5527K, committed 5544K, reserved 1048576K
Event: 311.526 GC heap after
Heap after GC invocations=65 (full 8):
 PSYoungGen      total 5149696K, used 197074K [0x0000000671400000, 0x00000007bf400000, 0x00000007c0000000)
  eden space 4838912K, 0% used [0x0000000671400000,0x0000000671400000,0x0000000798980000)
  from space 310784K, 63% used [0x0000000798980000,0x00000007a49f4bb0,0x00000007ab900000)
  to   space 304640K, 0% used [0x00000007aca80000,0x00000007aca80000,0x00000007bf400000)
 ParOldGen       total 8651776K, used 8149498K [0x00000003d3c00000, 0x00000005e3d00000, 0x0000000671400000)
  object space 8651776K, 94% used [0x00000003d3c00000,0x00000005c527ebf8,0x00000005e3d00000)
 Metaspace       used 39154K, capacity 39568K, committed 39592K, reserved 1083392K
  class space    used 5400K, capacity 5527K, committed 5544K, reserved 1048576K
}
Event: 314.064 GC heap before
{Heap before GC invocations=66 (full 8):
 PSYoungGen      total 5149696K, used 5035986K [0x0000000671400000, 0x00000007bf400000, 0x00000007c0000000)
  eden space 4838912K, 100% used [0x0000000671400000,0x0000000798980000,0x0000000798980000)
  from space 310784K, 63% used [0x0000000798980000,0x00000007a49f4bb0,0x00000007ab900000)
  to   space 304640K, 0% used [0x00000007aca80000,0x00000007aca80000,0x00000007bf400000)
 ParOldGen       total 8651776K, used 8149498K [0x00000003d3c00000, 0x00000005e3d00000, 0x0000000671400000)
  object space 8651776K, 94% used [0x00000003d3c00000,0x00000005c527ebf8,0x00000005e3d00000)
 Metaspace       used 39154K, capacity 39568K, committed 39592K, reserved 1083392K
  class space    used 5400K, capacity 5527K, committed 5544K, reserved 1048576K
Event: 315.155 GC heap after
Heap after GC invocations=66 (full 8):
 PSYoungGen      total 5165568K, used 202988K [0x0000000671400000, 0x00000007bec00000, 0x00000007c0000000)
  eden space 4869120K, 0% used [0x0000000671400000,0x0000000671400000,0x000000079a700000)
  from space 296448K, 68% used [0x00000007aca80000,0x00000007b90bb198,0x00000007bec00000)
  to   space 297472K, 0% used [0x000000079a700000,0x000000079a700000,0x00000007ac980000)
 ParOldGen       total 8651776K, used 8346202K [0x00000003d3c00000, 0x00000005e3d00000, 0x0000000671400000)
  object space 8651776K, 96% used [0x00000003d3c00000,0x00000005d1296bf8,0x00000005e3d00000)
 Metaspace       used 39154K, capacity 39568K, committed 39592K, reserved 1083392K
  class space    used 5400K, capacity 5527K, committed 5544K, reserved 1048576K
}
Event: 318.363 GC heap before
{Heap before GC invocations=67 (full 8):
 PSYoungGen      total 5165568K, used 5072108K [0x0000000671400000, 0x00000007bec00000, 0x00000007c0000000)
  eden space 4869120K, 100% used [0x0000000671400000,0x000000079a700000,0x000000079a700000)
  from space 296448K, 68% used [0x00000007aca80000,0x00000007b90bb198,0x00000007bec00000)
  to   space 297472K, 0% used [0x000000079a700000,0x000000079a700000,0x00000007ac980000)
 ParOldGen       total 8651776K, used 8346202K [0x00000003d3c00000, 0x00000005e3d00000, 0x0000000671400000)
  object space 8651776K, 96% used [0x00000003d3c00000,0x00000005d1296bf8,0x00000005e3d00000)
 Metaspace       used 39154K, capacity 39568K, committed 39592K, reserved 1083392K
  class space    used 5400K, capacity 5527K, committed 5544K, reserved 1048576K
Event: 319.524 GC heap after
Heap after GC invocations=67 (full 8):
 PSYoungGen      total 5166592K, used 236970K [0x0000000671400000, 0x00000007c0000000, 0x00000007c0000000)
  eden space 4869120K, 0% used [0x0000000671400000,0x0000000671400000,0x000000079a700000)
  from space 297472K, 79% used [0x000000079a700000,0x00000007a8e6a890,0x00000007ac980000)
  to   space 297984K, 0% used [0x00000007add00000,0x00000007add00000,0x00000007c0000000)
 ParOldGen       total 8651776K, used 8548898K [0x00000003d3c00000, 0x00000005e3d00000, 0x0000000671400000)
  object space 8651776K, 98% used [0x00000003d3c00000,0x00000005dd888bf8,0x00000005e3d00000)
 Metaspace       used 39154K, capacity 39568K, committed 39592K, reserved 1083392K
  class space    used 5400K, capacity 5527K, committed 5544K, reserved 1048576K
}
Event: 319.524 GC heap before
{Heap before GC invocations=68 (full 9):
 PSYoungGen      total 5166592K, used 236970K [0x0000000671400000, 0x00000007c0000000, 0x00000007c0000000)
  eden space 4869120K, 0% used [0x0000000671400000,0x0000000671400000,0x000000079a700000)
  from space 297472K, 79% used [0x000000079a700000,0x00000007a8e6a890,0x00000007ac980000)
  to   space 297984K, 0% used [0x00000007add00000,0x00000007add00000,0x00000007c0000000)
 ParOldGen       total 8651776K, used 8548898K [0x00000003d3c00000, 0x00000005e3d00000, 0x0000000671400000)
  object space 8651776K, 98% used [0x00000003d3c00000,0x00000005dd888bf8,0x00000005e3d00000)
 Metaspace       used 39154K, capacity 39568K, committed 39592K, reserved 1083392K
  class space    used 5400K, capacity 5527K, committed 5544K, reserved 1048576K

